<?xml version="1.0" encoding="UTF-8"?>
<testsuite name="StringCalculatorTest" tests="1" skipped="1" failures="0" errors="0" timestamp="2019-08-06T03:30:40" hostname="C02Y308YJG5J" time="4.795">
  <properties/>
  <testcase name="numberDelimiters" classname="StringCalculatorTest" time="4.795">
    <skipped/>
  </testcase>
  <system-out><![CDATA[]]></system-out>
  <system-err><![CDATA[]]></system-err>
</testsuite>
